[ 2017-12-07T15:15:34+08:00 ] 192.168.30.135 /gym/__ROOT__/Public/css/bootstrap.min.css
INFO: [ app_init ] --START--
INFO: Run Behavior\BuildLiteBehavior [ RunTime:0.000025s ]
INFO: [ app_init ] --END-- [ RunTime:0.000521s ]
ERR: 无法加载模块:__ROOT__

[ 2017-12-07T15:15:34+08:00 ] 192.168.30.135 /gym/__ROOT__/Public/css/home/main.css
INFO: [ app_init ] --START--
INFO: Run Behavior\BuildLiteBehavior [ RunTime:0.000008s ]
INFO: [ app_init ] --END-- [ RunTime:0.000189s ]
ERR: 无法加载模块:__ROOT__

[ 2017-12-07T15:15:34+08:00 ] 192.168.30.135 /gym/__ROOT__/Public/js/count.js
INFO: [ app_init ] --START--
INFO: Run Behavior\BuildLiteBehavior [ RunTime:0.000009s ]
INFO: [ app_init ] --END-- [ RunTime:0.000192s ]
ERR: 无法加载模块:__ROOT__

[ 2017-12-07T15:15:34+08:00 ] 192.168.30.135 /gym/__ROOT__/Public/images/logo.png
INFO: [ app_init ] --START--
INFO: Run Behavior\BuildLiteBehavior [ RunTime:0.000013s ]
INFO: [ app_init ] --END-- [ RunTime:0.000251s ]
ERR: 无法加载模块:__ROOT__

[ 2017-12-07T15:15:34+08:00 ] 192.168.30.135 /gym/__ROOT__/Public/js/jquery.js
INFO: [ app_init ] --START--
INFO: Run Behavior\BuildLiteBehavior [ RunTime:0.000007s ]
INFO: [ app_init ] --END-- [ RunTime:0.000186s ]
ERR: 无法加载模块:__ROOT__

[ 2017-12-07T15:15:34+08:00 ] 192.168.30.135 /gym/__ROOT__/Public/js/count.js
INFO: [ app_init ] --START--
INFO: Run Behavior\BuildLiteBehavior [ RunTime:0.000008s ]
INFO: [ app_init ] --END-- [ RunTime:0.000187s ]
ERR: 无法加载模块:__ROOT__

[ 2017-12-07T15:15:46+08:00 ] 127.0.0.1 /gym/__ROOT__/Public/js/jquery.js
INFO: [ app_init ] --START--
INFO: Run Behavior\BuildLiteBehavior [ RunTime:0.000012s ]
INFO: [ app_init ] --END-- [ RunTime:0.000262s ]
ERR: 无法加载模块:__ROOT__

[ 2017-12-07T15:15:46+08:00 ] 127.0.0.1 /gym/__ROOT__/Public/css/home/main.css
INFO: [ app_init ] --START--
INFO: Run Behavior\BuildLiteBehavior [ RunTime:0.000008s ]
INFO: [ app_init ] --END-- [ RunTime:0.000172s ]
ERR: 无法加载模块:__ROOT__

[ 2017-12-07T15:15:46+08:00 ] 127.0.0.1 /gym/__ROOT__/Public/css/bootstrap.min.css
INFO: [ app_init ] --START--
INFO: Run Behavior\BuildLiteBehavior [ RunTime:0.000014s ]
INFO: [ app_init ] --END-- [ RunTime:0.000232s ]
ERR: 无法加载模块:__ROOT__

[ 2017-12-07T15:15:46+08:00 ] 127.0.0.1 /gym/__ROOT__/Public/js/count.js
INFO: [ app_init ] --START--
INFO: Run Behavior\BuildLiteBehavior [ RunTime:0.000014s ]
INFO: [ app_init ] --END-- [ RunTime:0.000295s ]
ERR: 无法加载模块:__ROOT__

[ 2017-12-07T15:15:46+08:00 ] 127.0.0.1 /gym/__ROOT__/Public/images/logo.png
INFO: [ app_init ] --START--
INFO: Run Behavior\BuildLiteBehavior [ RunTime:0.000010s ]
INFO: [ app_init ] --END-- [ RunTime:0.000208s ]
ERR: 无法加载模块:__ROOT__

[ 2017-12-07T15:15:55+08:00 ] 127.0.0.1 /gym/__ROOT__/Public/css/home/main.css
INFO: [ app_init ] --START--
INFO: Run Behavior\BuildLiteBehavior [ RunTime:0.000012s ]
INFO: [ app_init ] --END-- [ RunTime:0.000284s ]
ERR: 无法加载模块:__ROOT__

[ 2017-12-07T15:15:55+08:00 ] 127.0.0.1 /gym/__ROOT__/Public/css/bootstrap.min.css
INFO: [ app_init ] --START--
INFO: Run Behavior\BuildLiteBehavior [ RunTime:0.000011s ]
INFO: [ app_init ] --END-- [ RunTime:0.000261s ]
ERR: 无法加载模块:__ROOT__

[ 2017-12-07T15:16:02+08:00 ] 127.0.0.1 /gym/__ROOT__/Public/css/bootstrap.min.css
INFO: [ app_init ] --START--
INFO: Run Behavior\BuildLiteBehavior [ RunTime:0.000015s ]
INFO: [ app_init ] --END-- [ RunTime:0.000372s ]
ERR: 无法加载模块:__ROOT__

[ 2017-12-07T15:16:02+08:00 ] 127.0.0.1 /gym/__ROOT__/Public/css/home/main.css
INFO: [ app_init ] --START--
INFO: Run Behavior\BuildLiteBehavior [ RunTime:0.000027s ]
INFO: [ app_init ] --END-- [ RunTime:0.001410s ]
ERR: 无法加载模块:__ROOT__

[ 2017-12-07T15:16:02+08:00 ] 127.0.0.1 /gym/__ROOT__/Public/js/jquery.js
INFO: [ app_init ] --START--
INFO: Run Behavior\BuildLiteBehavior [ RunTime:0.000019s ]
INFO: [ app_init ] --END-- [ RunTime:0.000353s ]
ERR: 无法加载模块:__ROOT__

[ 2017-12-07T15:16:02+08:00 ] 127.0.0.1 /gym/__ROOT__/Public/js/count.js
INFO: [ app_init ] --START--
INFO: Run Behavior\BuildLiteBehavior [ RunTime:0.000014s ]
INFO: [ app_init ] --END-- [ RunTime:0.000276s ]
ERR: 无法加载模块:__ROOT__

[ 2017-12-07T15:16:02+08:00 ] 127.0.0.1 /gym/__ROOT__/Public/images/logo.png
INFO: [ app_init ] --START--
INFO: Run Behavior\BuildLiteBehavior [ RunTime:0.000018s ]
INFO: [ app_init ] --END-- [ RunTime:0.000361s ]
ERR: 无法加载模块:__ROOT__

[ 2017-12-07T15:16:17+08:00 ] 192.168.30.135 /gym/__ROOT__/Public/css/bootstrap.min.css
INFO: [ app_init ] --START--
INFO: Run Behavior\BuildLiteBehavior [ RunTime:0.000009s ]
INFO: [ app_init ] --END-- [ RunTime:0.000191s ]
ERR: 无法加载模块:__ROOT__

[ 2017-12-07T15:16:17+08:00 ] 192.168.30.135 /gym/__ROOT__/Public/css/home/main.css
INFO: [ app_init ] --START--
INFO: Run Behavior\BuildLiteBehavior [ RunTime:0.000008s ]
INFO: [ app_init ] --END-- [ RunTime:0.000198s ]
ERR: 无法加载模块:__ROOT__

[ 2017-12-07T15:16:19+08:00 ] 192.168.30.135 /gym/__ROOT__/Public/css/bootstrap.min.css
INFO: [ app_init ] --START--
INFO: Run Behavior\BuildLiteBehavior [ RunTime:0.000008s ]
INFO: [ app_init ] --END-- [ RunTime:0.000189s ]
ERR: 无法加载模块:__ROOT__

[ 2017-12-07T15:16:19+08:00 ] 192.168.30.135 /gym/__ROOT__/Public/css/home/main.css
INFO: [ app_init ] --START--
INFO: Run Behavior\BuildLiteBehavior [ RunTime:0.000008s ]
INFO: [ app_init ] --END-- [ RunTime:0.000177s ]
ERR: 无法加载模块:__ROOT__

[ 2017-12-07T15:16:19+08:00 ] 192.168.30.135 /gym/__ROOT__/Public/js/jquery.js
INFO: [ app_init ] --START--
INFO: Run Behavior\BuildLiteBehavior [ RunTime:0.000009s ]
INFO: [ app_init ] --END-- [ RunTime:0.000180s ]
ERR: 无法加载模块:__ROOT__

[ 2017-12-07T15:16:19+08:00 ] 192.168.30.135 /gym/__ROOT__/Public/js/count.js
INFO: [ app_init ] --START--
INFO: Run Behavior\BuildLiteBehavior [ RunTime:0.000007s ]
INFO: [ app_init ] --END-- [ RunTime:0.000165s ]
ERR: 无法加载模块:__ROOT__

[ 2017-12-07T15:16:19+08:00 ] 192.168.30.135 /gym/__ROOT__/Public/images/logo.png
INFO: [ app_init ] --START--
INFO: Run Behavior\BuildLiteBehavior [ RunTime:0.000008s ]
INFO: [ app_init ] --END-- [ RunTime:0.000228s ]
ERR: 无法加载模块:__ROOT__

