[ 2017-12-05T16:16:58+08:00 ] 127.0.0.1 /gym/__ROOT__/Public/css/bootstrap.min.css
INFO: [ app_init ] --START--
INFO: Run Behavior\BuildLiteBehavior [ RunTime:0.000017s ]
INFO: [ app_init ] --END-- [ RunTime:0.000438s ]
ERR: 无法加载模块:__ROOT__

[ 2017-12-05T16:16:58+08:00 ] 127.0.0.1 /gym/__ROOT__/Public/css/home/main.css
INFO: [ app_init ] --START--
INFO: Run Behavior\BuildLiteBehavior [ RunTime:0.000014s ]
INFO: [ app_init ] --END-- [ RunTime:0.000598s ]
ERR: 无法加载模块:__ROOT__

[ 2017-12-05T16:16:58+08:00 ] 127.0.0.1 /gym/__ROOT__/Public/js/jquery.js
INFO: [ app_init ] --START--
INFO: Run Behavior\BuildLiteBehavior [ RunTime:0.000012s ]
INFO: [ app_init ] --END-- [ RunTime:0.000301s ]
ERR: 无法加载模块:__ROOT__

[ 2017-12-05T16:16:58+08:00 ] 127.0.0.1 /gym/__ROOT__/Public/js/count.js
INFO: [ app_init ] --START--
INFO: Run Behavior\BuildLiteBehavior [ RunTime:0.000015s ]
INFO: [ app_init ] --END-- [ RunTime:0.000318s ]
ERR: 无法加载模块:__ROOT__

[ 2017-12-05T16:16:58+08:00 ] 127.0.0.1 /gym/__ROOT__/Public/images/logo.png
INFO: [ app_init ] --START--
INFO: Run Behavior\BuildLiteBehavior [ RunTime:0.000031s ]
INFO: [ app_init ] --END-- [ RunTime:0.000579s ]
ERR: 无法加载模块:__ROOT__

[ 2017-12-05T16:18:20+08:00 ] 127.0.0.1 /gym/__ROOT__/Public/css/bootstrap.min.css
INFO: [ app_init ] --START--
INFO: Run Behavior\BuildLiteBehavior [ RunTime:0.000013s ]
INFO: [ app_init ] --END-- [ RunTime:0.000299s ]
ERR: 无法加载模块:__ROOT__

[ 2017-12-05T16:18:20+08:00 ] 127.0.0.1 /gym/__ROOT__/Public/css/home/main.css
INFO: [ app_init ] --START--
INFO: Run Behavior\BuildLiteBehavior [ RunTime:0.000012s ]
INFO: [ app_init ] --END-- [ RunTime:0.000257s ]
ERR: 无法加载模块:__ROOT__

[ 2017-12-05T16:18:20+08:00 ] 127.0.0.1 /gym/__ROOT__/Public/js/jquery.js
INFO: [ app_init ] --START--
INFO: Run Behavior\BuildLiteBehavior [ RunTime:0.000020s ]
INFO: [ app_init ] --END-- [ RunTime:0.001265s ]
ERR: 无法加载模块:__ROOT__

[ 2017-12-05T16:18:20+08:00 ] 127.0.0.1 /gym/__ROOT__/Public/js/count.js
INFO: [ app_init ] --START--
INFO: Run Behavior\BuildLiteBehavior [ RunTime:0.000013s ]
INFO: [ app_init ] --END-- [ RunTime:0.000375s ]
ERR: 无法加载模块:__ROOT__

[ 2017-12-05T16:18:20+08:00 ] 127.0.0.1 /gym/__ROOT__/Public/images/logo.png
INFO: [ app_init ] --START--
INFO: Run Behavior\BuildLiteBehavior [ RunTime:0.000016s ]
INFO: [ app_init ] --END-- [ RunTime:0.000397s ]
ERR: 无法加载模块:__ROOT__

[ 2017-12-05T16:19:21+08:00 ] 127.0.0.1 /gym/__ROOT__/Public/css/bootstrap.min.css
INFO: [ app_init ] --START--
INFO: Run Behavior\BuildLiteBehavior [ RunTime:0.000015s ]
INFO: [ app_init ] --END-- [ RunTime:0.000303s ]
ERR: 无法加载模块:__ROOT__

[ 2017-12-05T16:19:21+08:00 ] 127.0.0.1 /gym/__ROOT__/Public/css/home/main.css
INFO: [ app_init ] --START--
INFO: Run Behavior\BuildLiteBehavior [ RunTime:0.000015s ]
INFO: [ app_init ] --END-- [ RunTime:0.001657s ]
ERR: 无法加载模块:__ROOT__

[ 2017-12-05T16:19:21+08:00 ] 127.0.0.1 /gym/__ROOT__/Public/js/jquery.js
INFO: [ app_init ] --START--
INFO: Run Behavior\BuildLiteBehavior [ RunTime:0.000244s ]
INFO: [ app_init ] --END-- [ RunTime:0.001280s ]
ERR: 无法加载模块:__ROOT__

[ 2017-12-05T16:19:21+08:00 ] 127.0.0.1 /gym/__ROOT__/Public/js/count.js
INFO: [ app_init ] --START--
INFO: Run Behavior\BuildLiteBehavior [ RunTime:0.000016s ]
INFO: [ app_init ] --END-- [ RunTime:0.000596s ]
ERR: 无法加载模块:__ROOT__

[ 2017-12-05T16:19:21+08:00 ] 127.0.0.1 /gym/__ROOT__/Public/images/logo.png
INFO: [ app_init ] --START--
INFO: Run Behavior\BuildLiteBehavior [ RunTime:0.000015s ]
INFO: [ app_init ] --END-- [ RunTime:0.000375s ]
ERR: 无法加载模块:__ROOT__

